<?xml version="1.0" encoding="UTF-8"?>
<!-- Generated by org.testng.reporters.JUnitReportReporter -->
<testsuite hostname="WINDOWS-5CUU06H" failures="0" tests="1" name="com.demoqa.test.LoginTest" time="13.849" errors="0" timestamp="2025-07-16T12:26:50 CEST" skipped="0">
  <testcase classname="com.demoqa.test.LoginTest" name="loginPositiveTest" time="13.849"/>
</testsuite> <!-- com.demoqa.test.LoginTest -->
