<?xml version="1.0" encoding="UTF-8"?>
<!-- Generated by org.testng.reporters.JUnitReportReporter -->
<testsuite hostname="WINDOWS-5CUU06H" failures="0" tests="1" name="com.demoqa.test.SearchBookTests" time="9.600" errors="0" timestamp="2025-07-16T12:26:50 CEST" skipped="0">
  <testcase classname="com.demoqa.test.SearchBookTests" name="searchBookPositiveTest" time="9.600"/>
</testsuite> <!-- com.demoqa.test.SearchBookTests -->
